<?xml version="1.0" encoding="utf-8"?><testsuites name="pytest tests"><testsuite name="pytest" errors="0" failures="0" skipped="0" tests="15" time="15.039" timestamp="2026-02-19T22:23:57.001156+00:00" hostname="agent-env-ed1ebf0b-5363-4e15-8d28-98b67e70fee6"><testcase classname="backend.tests.test_routecast_api.TestHealthAndBasicEndpoints" name="test_health_endpoint" time="0.228" /><testcase classname="backend.tests.test_routecast_api.TestHealthAndBasicEndpoints" name="test_root_endpoint" time="0.185" /><testcase classname="backend.tests.test_routecast_api.TestWaterBudgetAPI" name="test_water_budget_basic_calculation" time="0.122" /><testcase classname="backend.tests.test_routecast_api.TestWaterBudgetAPI" name="test_water_budget_hot_weather" time="0.128" /><testcase classname="backend.tests.test_routecast_api.TestWaterBudgetAPI" name="test_water_budget_more_people" time="0.155" /><testcase classname="backend.tests.test_routecast_api.TestCasinosAPI" name="test_casinos_las_vegas" time="0.630" /><testcase classname="backend.tests.test_routecast_api.TestCasinosAPI" name="test_casinos_rural_area" time="0.569" /><testcase classname="backend.tests.test_routecast_api.TestGeocodeAutocomplete" name="test_autocomplete_city" time="0.442" /><testcase classname="backend.tests.test_routecast_api.TestRouteWeather" name="test_route_weather_basic" time="4.600" /><testcase classname="backend.tests.test_routecast_api.TestRouteWeather" name="test_route_weather_trucker_mode" time="6.589" /><testcase classname="backend.tests.test_routecast_api.TestRoutesHistoryFavorites" name="test_routes_history" time="0.143" /><testcase classname="backend.tests.test_routecast_api.TestRoutesHistoryFavorites" name="test_routes_favorites" time="0.183" /><testcase classname="backend.tests.test_routecast_api.TestTruckerEndpoints" name="test_truck_stops" time="0.641" /><testcase classname="backend.tests.test_routecast_api.TestTruckerEndpoints" name="test_weight_restrictions" time="0.225" /><testcase classname="backend.tests.test_routecast_api.TestAIChat" name="test_chat_basic" time="0.132" /></testsuite></testsuites>